#include <stdio.h>
#include <string.h>

typedef unsigned long uint32;
typedef unsigned long long uint64;

uint32 t[100];
int tl=100;

char st[1024];
int stl=1024;


void div(uint32 v[], int* pvl, uint32* pr, uint32 n[], int nl, uint32 d)
{
	uint64 carry=0;
	uint64 t;
	int i;

	int vl = 0;

	if(nl<=0 || d==0)
	{
		*pvl=0;
		*pr=0;
		return;
	}

	for(i=nl-1;i>=0;i--)
	{
		t= (carry<<32) | n[i];
		v[i]=t/d;
		carry=t%d;
		if(!vl && v[i]) vl=i+1;
	}
	*pvl=vl;
	*pr=(uint32)carry;
}

void print(uint32 n[], int nl, uint32 t[], int tl, char s[], int sl)
{
	int i;
	uint32 r;

	if(!t || tl<nl)
		return;

	for(i=0;i<nl;i++)
		t[i]=n[i];

	tl=nl;
	i=0;

	while(tl)
	{
		div(t, &tl, &r, t, tl, 10);
		s[i++]='0'+r;
		if(i>=sl-1) break;
	}

	if(!i)
	{
		printf("0");
		return;
	}

	for(i--;i>=0;i--)
	{
		printf("%c", s[i]);
	}
}

int add(uint32 s[], int* psl, uint32 a[], int al, uint32 b[], int bl)
{
	int i;
	uint64 t;
	uint32 carry = 0;

	int sl=0;
	for(i=0;i<al||i<bl;i++)
	{
		if(i<al &&i<bl)
		{
			t = (uint64)a[i] + (uint64)b[i] + (uint64)carry;
		}else if(i<al)
		{
			t = (uint64)a[i] + (uint64)carry;
		}
		else
		{
			t= (uint64)b[i] + (uint64)carry;
		}

		s[i]=(uint32)t;
		carry=(uint32)(t>>32);
		if(s[i]) sl=i+1;
		/*printf("add: s[%d]=0x%x\r\n", i, s[i]);
		printf("add: carry=0x%x\r\n", carry);
		printf("add: sl=%d\r\n", sl);*/
	}
	s[i]=carry;
	if(s[i]) sl=i+1;

	*psl=sl;

	return 0;
}


void multi(uint32 n[], int* pnl, uint32 a[], int al, uint32 b)
{
	int i;
	uint64 tmp;
	uint32 tt[2];
	int ntl;

	*pnl = 0;

	for(i=al-1;i>=0;i--)
	{
		tmp = ((uint64)a[i])*((uint64)b);
		tt[0]=(uint32)tmp;
		tt[1]=(uint32)(tmp>>32);
		
		/*printf("a[%d]=0x%x\r\n", i, a[i]);

		printf("b=%u\r\n", b);
	
		printf("tt=a[i]*b=");
		print(tt,2,t,tl,st,stl);
		printf("\r\n");

		printf("n=");	
		print(n,*pnl,t,tl,st,stl);
		printf("\r\n");*/

		n[i]=0;
		add(&n[i], &ntl, &n[i], *pnl-i, tt, 2);	
		if(ntl) *pnl=ntl+i;

		/*printf("n+=tt<<(32*%d)=", i);
		print(n,*pnl,t,tl,st,stl);
		printf("\r\n");
		printf("ntl=%d\r\n", ntl);

		printf("====================\r\n");*/
	}
}


int main()
{
#if 0
	uint32 n[3]={0x0,0x0,0x0};
	int nl=0;

	uint32 t[3];
	int tl=3;

	char s[1024];
	int sl=1024;

	printf("n=");
	print(n, nl, t, tl, s, sl);
	printf("\r\n");
#endif	
#if 0
	uint32 s[3]={0x0,0x0,0x0};
	int sl=0;
	uint32 a[3]={0x0,0x0,0x0};
	int al=0;
	uint32 b[3]={0x0,0x1,0x0};
	int bl=0;

	uint32 t[10];
	int tl=10;

	char st[1024];
	int stl=1024;

	add(s,&sl,a,al,b,bl);

	printf("s=");
	print(s, sl, t, tl, st, stl);
	printf("\r\n");
#endif	

#if 0
	uint32 n[3]={0x80778000, 0x174E2E};
	int nl=2;
	uint32 b=19;

	multi(n,&nl,n,nl,b);

	printf("n=");
	print(n, nl, t, tl, st, stl);
#endif	

#if 1
	uint32 s[200];
	int sl=0;

	uint32 m[100]={0x1};
	int ml=1;

	uint32 n,i;

	scanf("%d",&n);

	for(i=1;i<=n;i++)
	{
		multi(m,&ml,m,ml,i);
		
		/*printf("i=%d\r\n",i);
		printf("m=");*/
		print(m, ml, t, tl, st, stl);
		printf("\r\n");

		add(s,&sl,s,sl,m,ml);
	}

	printf("s=");
	print(s, sl, t, tl, st, stl);
	printf("\r\n");

	//sl=0;
	for(i=n;i>=1;i--)
	{
		uint32 r;
		/*printf("i=%d\r\n",i);
		printf("m=");
		print(m, ml, t, tl, st, stl);
		printf("\r\n");*/

		add(s,&sl,s,sl,m,ml);

		div(m,&ml,&r,m,ml,i);
		
		/*printf("m/=%d=", i);
		print(m, ml, t, tl, st, stl);
		printf("\r\n");
		printf("r=%d\r\n",r);
		printf("===============\r\n");*/
	}
	printf("s=");
	print(s, sl, t, tl, st, stl);
	printf("\r\n");
#endif

	return 0;
}

